
admin2@devsinc.com-->

info@mmenterprise.net-->

info@mmenterprise.net-->

shanijahania@gmail.com-->

shanijahania@gmail.com-->
Array
(
    [0] => P8P-f8fs65sf
)

mail.usmanasif+1@gmail.com-->P8P-f8fs65sf
Array
(
    [0] => P8P-5abst3t6
)

test@chimpchamp.com-->P8P-5abst3t6
Array
(
    [0] => P8P-293c9f93
)

sl@hullabaloo.uk.com-->P8P-293c9f93
Array
(
    [0] => P8P-dd26cba2
)

sl@hullabaloo.uk.com-->P8P-dd26cba2
Array
(
    [0] => P8P-e75d5829
)

sl@hullabaloo.uk.com-->P8P-e75d5829
Array
(
    [0] => P8P-cd5a68s7
)

sl@hullabaloo.uk.com-->P8P-cd5a68s7
Array
(
    [0] => P8P-98d9fsb3
)

scottlummes@hotmail.com-->P8P-98d9fsb3
Array
(
    [0] => P8P-e254e99s
)

sl@hullabaloo.uk.com-->P8P-e254e99s
Array
(
    [0] => P8P-ce6798f6
)

sl@hullabaloo.uk.com-->P8P-ce6798f6
Array
(
    [0] => P8P-e75f45s3
)

sl@hullabaloo.uk.com-->P8P-e75f45s3
Array
(
    [0] => P8P-299sb32s
)

sl@hullabaloo.uk.com-->P8P-299sb32s
Array
(
    [0] => P8P-82b2cdss
)

sl@hullabaloo.uk.com-->P8P-82b2cdss
Array
(
    [0] => P8P-t7dtt9ds
)

sl@hullabaloo.uk.com-->P8P-t7dtt9ds
Array
(
    [0] => P8P-42f4922d
)

sl@hullabaloo.uk.com-->P8P-42f4922d
Array
(
    [0] => P8P-934f7cf6
)

sl@hullabaloo.uk.com-->P8P-934f7cf6
Array
(
    [0] => 42f4922d
)

test@chimpchamp.com-->42f4922d
Array
(
    [0] => 934f7cf6
)

test@chimpchamp.com-->934f7cf6
Array
(
    [0] => p8p10-eb4t2cs6
)

wynne.mccormick@gmail.com-->p8p10-eb4t2cs6
Array
(
    [0] => p8p10-csed2sa7
)

projecteightpoint@gmail.com-->p8p10-csed2sa7
Array
(
    [0] => p8p10-5td789ba
)

wynnemccormick@yahoo.com-->p8p10-5td789ba
